2025-09-21 17:16:20 [INFO] runner: Next run scheduled at 2025-09-21 17:21:00 CEST (waiting 279s)
2025-09-21 17:21:00 [INFO] runner: Running main.main() at 2025-09-21 17:21:00 CEST
2025-09-21 17:21:00 [INFO] sweep: Starting bot (Stage 2: fractals & breakouts)...
2025-09-21 17:21:02 [INFO] sweep: 
ETHUSDT-5m Active HFractals: 1
2025-09-21 17:21:02 [INFO] sweep:   H @ 2025-09-21 16:50 CEST | high=4482.51
2025-09-21 17:21:02 [INFO] sweep: ETHUSDT-5m Active LFractals: 10
2025-09-21 17:21:02 [INFO] sweep:   L @ 2025-09-21 17:05 CEST | low=4469.98
2025-09-21 17:21:02 [INFO] sweep:   L @ 2025-09-21 16:45 CEST | low=4469.34
2025-09-21 17:21:02 [INFO] sweep:   L @ 2025-09-21 15:45 CEST | low=4467.01
2025-09-21 17:21:02 [INFO] sweep:   L @ 2025-09-21 15:25 CEST | low=4466.22
2025-09-21 17:21:02 [INFO] sweep:   L @ 2025-09-21 15:05 CEST | low=4464.02
2025-09-21 17:21:02 [INFO] sweep:   L @ 2025-09-21 14:50 CEST | low=4459.61
2025-09-21 17:21:02 [INFO] sweep:   L @ 2025-09-21 14:05 CEST | low=4458.36
2025-09-21 17:21:02 [INFO] sweep:   L @ 2025-09-21 13:55 CEST | low=4457.57
2025-09-21 17:21:02 [INFO] sweep:   L @ 2025-09-21 13:05 CEST | low=4453.89
2025-09-21 17:21:02 [INFO] sweep:   L @ 2025-09-21 11:35 CEST | low=4442.0
2025-09-21 17:21:02 [INFO] sweep: No breakout for ETHUSDT-5m
2025-09-21 17:21:02 [INFO] sweep: Storage saved to storage.json at 2025-09-21T17:21:02.656481Z(candle close 2025-09-21T15:20:00Z)
2025-09-21 17:21:02 [INFO] sweep: Storage updated and saved at 2025-09-21T17:21:02.656481Z (candle close 2025-09-21T15:20:00Z)
2025-09-21 17:21:02 [INFO] sweep: Cycle finished.
2025-09-21 17:21:02 [INFO] runner: Next run scheduled at 2025-09-21 17:26:00 CEST (waiting 297s)
2025-09-21 17:26:00 [INFO] runner: Running main.main() at 2025-09-21 17:26:00 CEST
2025-09-21 17:26:00 [INFO] sweep: Starting bot (Stage 2: fractals & breakouts)...
2025-09-21 17:26:03 [INFO] sweep: 
ETHUSDT-5m Active HFractals: 1
2025-09-21 17:26:03 [INFO] sweep:   H @ 2025-09-21 16:50 CEST | high=4482.51
2025-09-21 17:26:03 [INFO] sweep: ETHUSDT-5m Active LFractals: 10
2025-09-21 17:26:03 [INFO] sweep:   L @ 2025-09-21 17:05 CEST | low=4469.98
2025-09-21 17:26:03 [INFO] sweep:   L @ 2025-09-21 16:45 CEST | low=4469.34
2025-09-21 17:26:03 [INFO] sweep:   L @ 2025-09-21 15:45 CEST | low=4467.01
2025-09-21 17:26:03 [INFO] sweep:   L @ 2025-09-21 15:25 CEST | low=4466.22
2025-09-21 17:26:03 [INFO] sweep:   L @ 2025-09-21 15:05 CEST | low=4464.02
2025-09-21 17:26:03 [INFO] sweep:   L @ 2025-09-21 14:50 CEST | low=4459.61
2025-09-21 17:26:03 [INFO] sweep:   L @ 2025-09-21 14:05 CEST | low=4458.36
2025-09-21 17:26:03 [INFO] sweep:   L @ 2025-09-21 13:55 CEST | low=4457.57
2025-09-21 17:26:03 [INFO] sweep:   L @ 2025-09-21 13:05 CEST | low=4453.89
2025-09-21 17:26:03 [INFO] sweep:   L @ 2025-09-21 11:35 CEST | low=4442.0
2025-09-21 17:26:03 [INFO] sweep: No breakout for ETHUSDT-5m
2025-09-21 17:26:03 [INFO] sweep: Storage saved to storage.json at 2025-09-21T17:26:03.608616Z(candle close 2025-09-21T15:25:00Z)
2025-09-21 17:26:03 [INFO] sweep: Storage updated and saved at 2025-09-21T17:26:03.608616Z (candle close 2025-09-21T15:25:00Z)
2025-09-21 17:26:03 [INFO] sweep: Cycle finished.
2025-09-21 17:26:03 [INFO] runner: Next run scheduled at 2025-09-21 17:31:00 CEST (waiting 296s)
2025-09-21 17:31:00 [INFO] runner: Running main.main() at 2025-09-21 17:31:00 CEST
2025-09-21 17:31:00 [INFO] sweep: Starting bot (Stage 2: fractals & breakouts)...
2025-09-21 17:31:03 [INFO] sweep: 
ETHUSDT-5m Active HFractals: 1
2025-09-21 17:31:03 [INFO] sweep:   H @ 2025-09-21 16:50 CEST | high=4482.51
2025-09-21 17:31:03 [INFO] sweep: ETHUSDT-5m Active LFractals: 10
2025-09-21 17:31:03 [INFO] sweep:   L @ 2025-09-21 17:05 CEST | low=4469.98
2025-09-21 17:31:03 [INFO] sweep:   L @ 2025-09-21 16:45 CEST | low=4469.34
2025-09-21 17:31:03 [INFO] sweep:   L @ 2025-09-21 15:45 CEST | low=4467.01
2025-09-21 17:31:03 [INFO] sweep:   L @ 2025-09-21 15:25 CEST | low=4466.22
2025-09-21 17:31:03 [INFO] sweep:   L @ 2025-09-21 15:05 CEST | low=4464.02
2025-09-21 17:31:03 [INFO] sweep:   L @ 2025-09-21 14:50 CEST | low=4459.61
2025-09-21 17:31:03 [INFO] sweep:   L @ 2025-09-21 14:05 CEST | low=4458.36
2025-09-21 17:31:03 [INFO] sweep:   L @ 2025-09-21 13:55 CEST | low=4457.57
2025-09-21 17:31:03 [INFO] sweep:   L @ 2025-09-21 13:05 CEST | low=4453.89
2025-09-21 17:31:03 [INFO] sweep:   L @ 2025-09-21 11:35 CEST | low=4442.0
2025-09-21 17:31:03 [INFO] sweep: No breakout for ETHUSDT-5m
2025-09-21 17:31:03 [INFO] sweep: Storage saved to storage.json at 2025-09-21T17:31:03.744096Z(candle close 2025-09-21T15:30:00Z)
2025-09-21 17:31:03 [INFO] sweep: Storage updated and saved at 2025-09-21T17:31:03.744096Z (candle close 2025-09-21T15:30:00Z)
2025-09-21 17:31:03 [INFO] sweep: Cycle finished.
2025-09-21 17:31:03 [INFO] runner: Next run scheduled at 2025-09-21 17:36:00 CEST (waiting 296s)
2025-09-21 17:36:00 [INFO] runner: Running main.main() at 2025-09-21 17:36:00 CEST
2025-09-21 17:36:00 [INFO] sweep: Starting bot (Stage 2: fractals & breakouts)...
2025-09-21 17:36:02 [INFO] sweep: 
ETHUSDT-5m Active HFractals: 2
2025-09-21 17:36:02 [INFO] sweep:   H @ 2025-09-21 17:25 CEST | high=4481.86
2025-09-21 17:36:02 [INFO] sweep:   H @ 2025-09-21 16:50 CEST | high=4482.51
2025-09-21 17:36:02 [INFO] sweep: ETHUSDT-5m Active LFractals: 10
2025-09-21 17:36:02 [INFO] sweep:   L @ 2025-09-21 17:05 CEST | low=4469.98
2025-09-21 17:36:02 [INFO] sweep:   L @ 2025-09-21 16:45 CEST | low=4469.34
2025-09-21 17:36:02 [INFO] sweep:   L @ 2025-09-21 15:45 CEST | low=4467.01
2025-09-21 17:36:02 [INFO] sweep:   L @ 2025-09-21 15:25 CEST | low=4466.22
2025-09-21 17:36:02 [INFO] sweep:   L @ 2025-09-21 15:05 CEST | low=4464.02
2025-09-21 17:36:02 [INFO] sweep:   L @ 2025-09-21 14:50 CEST | low=4459.61
2025-09-21 17:36:02 [INFO] sweep:   L @ 2025-09-21 14:05 CEST | low=4458.36
2025-09-21 17:36:02 [INFO] sweep:   L @ 2025-09-21 13:55 CEST | low=4457.57
2025-09-21 17:36:02 [INFO] sweep:   L @ 2025-09-21 13:05 CEST | low=4453.89
2025-09-21 17:36:02 [INFO] sweep:   L @ 2025-09-21 11:35 CEST | low=4442.0
2025-09-21 17:36:02 [INFO] sweep: No breakout for ETHUSDT-5m
2025-09-21 17:36:02 [INFO] sweep: Storage saved to storage.json at 2025-09-21T17:36:02.552805Z(candle close 2025-09-21T15:35:00Z)
2025-09-21 17:36:02 [INFO] sweep: Storage updated and saved at 2025-09-21T17:36:02.552805Z (candle close 2025-09-21T15:35:00Z)
2025-09-21 17:36:02 [INFO] sweep: Cycle finished.
2025-09-21 17:36:02 [INFO] runner: Next run scheduled at 2025-09-21 17:41:00 CEST (waiting 297s)
2025-09-21 17:41:00 [INFO] runner: Running main.main() at 2025-09-21 17:41:00 CEST
2025-09-21 17:41:00 [INFO] sweep: Starting bot (Stage 2: fractals & breakouts)...
2025-09-21 17:41:02 [INFO] sweep: 
ETHUSDT-5m Active HFractals: 2
2025-09-21 17:41:02 [INFO] sweep:   H @ 2025-09-21 17:25 CEST | high=4481.86
2025-09-21 17:41:02 [INFO] sweep:   H @ 2025-09-21 16:50 CEST | high=4482.51
2025-09-21 17:41:02 [INFO] sweep: ETHUSDT-5m Active LFractals: 10
2025-09-21 17:41:02 [INFO] sweep:   L @ 2025-09-21 17:05 CEST | low=4469.98
2025-09-21 17:41:02 [INFO] sweep:   L @ 2025-09-21 16:45 CEST | low=4469.34
2025-09-21 17:41:02 [INFO] sweep:   L @ 2025-09-21 15:45 CEST | low=4467.01
2025-09-21 17:41:02 [INFO] sweep:   L @ 2025-09-21 15:25 CEST | low=4466.22
2025-09-21 17:41:02 [INFO] sweep:   L @ 2025-09-21 15:05 CEST | low=4464.02
2025-09-21 17:41:02 [INFO] sweep:   L @ 2025-09-21 14:50 CEST | low=4459.61
2025-09-21 17:41:02 [INFO] sweep:   L @ 2025-09-21 14:05 CEST | low=4458.36
2025-09-21 17:41:02 [INFO] sweep:   L @ 2025-09-21 13:55 CEST | low=4457.57
2025-09-21 17:41:02 [INFO] sweep:   L @ 2025-09-21 13:05 CEST | low=4453.89
2025-09-21 17:41:02 [INFO] sweep:   L @ 2025-09-21 11:35 CEST | low=4442.0
2025-09-21 17:41:02 [INFO] sweep: No breakout for ETHUSDT-5m
2025-09-21 17:41:02 [INFO] sweep: Storage saved to storage.json at 2025-09-21T17:41:02.567007Z(candle close 2025-09-21T15:40:00Z)
2025-09-21 17:41:02 [INFO] sweep: Storage updated and saved at 2025-09-21T17:41:02.567007Z (candle close 2025-09-21T15:40:00Z)
2025-09-21 17:41:02 [INFO] sweep: Cycle finished.
2025-09-21 17:41:02 [INFO] runner: Next run scheduled at 2025-09-21 17:46:00 CEST (waiting 297s)
2025-09-21 17:46:00 [INFO] runner: Running main.main() at 2025-09-21 17:46:00 CEST
2025-09-21 17:46:00 [INFO] sweep: Starting bot (Stage 2: fractals & breakouts)...
2025-09-21 17:46:02 [INFO] sweep: 
ETHUSDT-5m Active HFractals: 2
2025-09-21 17:46:02 [INFO] sweep:   H @ 2025-09-21 17:25 CEST | high=4481.86
2025-09-21 17:46:02 [INFO] sweep:   H @ 2025-09-21 16:50 CEST | high=4482.51
2025-09-21 17:46:02 [INFO] sweep: ETHUSDT-5m Active LFractals: 10
2025-09-21 17:46:02 [INFO] sweep:   L @ 2025-09-21 17:05 CEST | low=4469.98
2025-09-21 17:46:02 [INFO] sweep:   L @ 2025-09-21 16:45 CEST | low=4469.34
2025-09-21 17:46:02 [INFO] sweep:   L @ 2025-09-21 15:45 CEST | low=4467.01
2025-09-21 17:46:02 [INFO] sweep:   L @ 2025-09-21 15:25 CEST | low=4466.22
2025-09-21 17:46:02 [INFO] sweep:   L @ 2025-09-21 15:05 CEST | low=4464.02
2025-09-21 17:46:02 [INFO] sweep:   L @ 2025-09-21 14:50 CEST | low=4459.61
2025-09-21 17:46:02 [INFO] sweep:   L @ 2025-09-21 14:05 CEST | low=4458.36
2025-09-21 17:46:02 [INFO] sweep:   L @ 2025-09-21 13:55 CEST | low=4457.57
2025-09-21 17:46:02 [INFO] sweep:   L @ 2025-09-21 13:05 CEST | low=4453.89
2025-09-21 17:46:02 [INFO] sweep:   L @ 2025-09-21 11:35 CEST | low=4442.0
2025-09-21 17:46:02 [INFO] sweep: Breakout detected: \u2b06\ufe0f HSweep (11)
Symbol: ETHUSDT, 5m
HFractal High=4482.51 | 21Sep 16:50
BreakCandle High=4483.13
2025-09-21 17:46:02 [INFO] sweep: [Telegram] Sending: {'chat_id': '-1002259480457', 'text': '\u2b06\ufe0f HSweep (11)\nSymbol: ETHUSDT, 5m\nHFractal High=4482.51 | 21Sep 16:50\nBreakCandle High=4483.13', 'parse_mode': 'HTML'}
2025-09-21 17:46:04 [INFO] sweep: [Telegram] OK: {'ok': True, 'result': {'message_id': 1299, 'author_signature': 'SMC signals', 'sender_chat': {'id': -1002259480457, 'title': 'M-Trade', 'type': 'channel'}, 'chat': {'id': -1002259480457, 'title': 'M-Trade', 'type': 'channel'}, 'date': 1758469563, 'text': '\u2b06\ufe0f HSweep (11)\nSymbol: ETHUSDT, 5m\nHFractal High=4482.51 | 21Sep 16:50\nBreakCandle High=4483.13'}}
2025-09-21 17:46:04 [INFO] sweep: Storage saved to storage.json at 2025-09-21T17:46:04.041893Z(candle close 2025-09-21T15:45:00Z)
2025-09-21 17:46:04 [INFO] sweep: Storage updated and saved at 2025-09-21T17:46:04.041893Z (candle close 2025-09-21T15:45:00Z)
2025-09-21 17:46:04 [INFO] sweep: Cycle finished.
2025-09-21 17:46:04 [INFO] runner: Next run scheduled at 2025-09-21 17:51:00 CEST (waiting 295s)
2025-09-21 17:51:00 [INFO] runner: Running main.main() at 2025-09-21 17:51:00 CEST
2025-09-21 17:51:00 [INFO] sweep: Starting bot (Stage 2: fractals & breakouts)...
2025-09-21 17:51:02 [INFO] sweep: 
ETHUSDT-5m Active HFractals: 0
2025-09-21 17:51:02 [INFO] sweep: ETHUSDT-5m Active LFractals: 10
2025-09-21 17:51:02 [INFO] sweep:   L @ 2025-09-21 17:05 CEST | low=4469.98
2025-09-21 17:51:02 [INFO] sweep:   L @ 2025-09-21 16:45 CEST | low=4469.34
2025-09-21 17:51:02 [INFO] sweep:   L @ 2025-09-21 15:45 CEST | low=4467.01
2025-09-21 17:51:02 [INFO] sweep:   L @ 2025-09-21 15:25 CEST | low=4466.22
2025-09-21 17:51:02 [INFO] sweep:   L @ 2025-09-21 15:05 CEST | low=4464.02
2025-09-21 17:51:02 [INFO] sweep:   L @ 2025-09-21 14:50 CEST | low=4459.61
2025-09-21 17:51:02 [INFO] sweep:   L @ 2025-09-21 14:05 CEST | low=4458.36
2025-09-21 17:51:02 [INFO] sweep:   L @ 2025-09-21 13:55 CEST | low=4457.57
2025-09-21 17:51:02 [INFO] sweep:   L @ 2025-09-21 13:05 CEST | low=4453.89
2025-09-21 17:51:02 [INFO] sweep:   L @ 2025-09-21 11:35 CEST | low=4442.0
2025-09-21 17:51:02 [INFO] sweep: No breakout for ETHUSDT-5m
2025-09-21 17:51:02 [INFO] sweep: Storage saved to storage.json at 2025-09-21T17:51:02.498170Z(candle close 2025-09-21T15:50:00Z)
2025-09-21 17:51:02 [INFO] sweep: Storage updated and saved at 2025-09-21T17:51:02.498170Z (candle close 2025-09-21T15:50:00Z)
2025-09-21 17:51:02 [INFO] sweep: Cycle finished.
2025-09-21 17:51:02 [INFO] runner: Next run scheduled at 2025-09-21 17:56:00 CEST (waiting 297s)
2025-09-21 17:56:00 [INFO] runner: Running main.main() at 2025-09-21 17:56:00 CEST
2025-09-21 17:56:00 [INFO] sweep: Starting bot (Stage 2: fractals & breakouts)...
2025-09-21 17:56:03 [INFO] sweep: 
ETHUSDT-5m Active HFractals: 0
2025-09-21 17:56:03 [INFO] sweep: ETHUSDT-5m Active LFractals: 10
2025-09-21 17:56:03 [INFO] sweep:   L @ 2025-09-21 17:05 CEST | low=4469.98
2025-09-21 17:56:03 [INFO] sweep:   L @ 2025-09-21 16:45 CEST | low=4469.34
2025-09-21 17:56:03 [INFO] sweep:   L @ 2025-09-21 15:45 CEST | low=4467.01
2025-09-21 17:56:03 [INFO] sweep:   L @ 2025-09-21 15:25 CEST | low=4466.22
2025-09-21 17:56:03 [INFO] sweep:   L @ 2025-09-21 15:05 CEST | low=4464.02
2025-09-21 17:56:03 [INFO] sweep:   L @ 2025-09-21 14:50 CEST | low=4459.61
2025-09-21 17:56:03 [INFO] sweep:   L @ 2025-09-21 14:05 CEST | low=4458.36
2025-09-21 17:56:03 [INFO] sweep:   L @ 2025-09-21 13:55 CEST | low=4457.57
2025-09-21 17:56:03 [INFO] sweep:   L @ 2025-09-21 13:05 CEST | low=4453.89
2025-09-21 17:56:03 [INFO] sweep:   L @ 2025-09-21 11:35 CEST | low=4442.0
2025-09-21 17:56:03 [INFO] sweep: No breakout for ETHUSDT-5m
2025-09-21 17:56:03 [INFO] sweep: Storage saved to storage.json at 2025-09-21T17:56:03.752915Z(candle close 2025-09-21T15:55:00Z)
2025-09-21 17:56:03 [INFO] sweep: Storage updated and saved at 2025-09-21T17:56:03.752915Z (candle close 2025-09-21T15:55:00Z)
2025-09-21 17:56:03 [INFO] sweep: Cycle finished.
2025-09-21 17:56:03 [INFO] runner: Next run scheduled at 2025-09-21 18:01:00 CEST (waiting 296s)
2025-09-21 18:01:00 [INFO] runner: Running main.main() at 2025-09-21 18:01:00 CEST
2025-09-21 18:01:00 [INFO] sweep: Starting bot (Stage 2: fractals & breakouts)...
2025-09-21 18:01:03 [INFO] sweep: 
ETHUSDT-5m Active HFractals: 1
2025-09-21 18:01:03 [INFO] sweep:   H @ 2025-09-21 17:50 CEST | high=4484.73
2025-09-21 18:01:03 [INFO] sweep: ETHUSDT-5m Active LFractals: 10
2025-09-21 18:01:03 [INFO] sweep:   L @ 2025-09-21 17:05 CEST | low=4469.98
2025-09-21 18:01:03 [INFO] sweep:   L @ 2025-09-21 16:45 CEST | low=4469.34
2025-09-21 18:01:03 [INFO] sweep:   L @ 2025-09-21 15:45 CEST | low=4467.01
2025-09-21 18:01:03 [INFO] sweep:   L @ 2025-09-21 15:25 CEST | low=4466.22
2025-09-21 18:01:03 [INFO] sweep:   L @ 2025-09-21 15:05 CEST | low=4464.02
2025-09-21 18:01:03 [INFO] sweep:   L @ 2025-09-21 14:50 CEST | low=4459.61
2025-09-21 18:01:03 [INFO] sweep:   L @ 2025-09-21 14:05 CEST | low=4458.36
2025-09-21 18:01:03 [INFO] sweep:   L @ 2025-09-21 13:55 CEST | low=4457.57
2025-09-21 18:01:03 [INFO] sweep:   L @ 2025-09-21 13:05 CEST | low=4453.89
2025-09-21 18:01:03 [INFO] sweep:   L @ 2025-09-21 11:35 CEST | low=4442.0
2025-09-21 18:01:03 [INFO] sweep: No breakout for ETHUSDT-5m
2025-09-21 18:01:03 [INFO] sweep: Storage saved to storage.json at 2025-09-21T18:01:03.046410Z(candle close 2025-09-21T16:00:00Z)
2025-09-21 18:01:03 [INFO] sweep: Storage updated and saved at 2025-09-21T18:01:03.046410Z (candle close 2025-09-21T16:00:00Z)
2025-09-21 18:01:03 [INFO] sweep: Cycle finished.
2025-09-21 18:01:03 [INFO] runner: Next run scheduled at 2025-09-21 18:06:00 CEST (waiting 296s)
2025-09-21 18:06:00 [INFO] runner: Running main.main() at 2025-09-21 18:06:00 CEST
2025-09-21 18:06:00 [INFO] sweep: Starting bot (Stage 2: fractals & breakouts)...
2025-09-21 18:06:02 [INFO] sweep: 
ETHUSDT-5m Active HFractals: 1
2025-09-21 18:06:02 [INFO] sweep:   H @ 2025-09-21 17:50 CEST | high=4484.73
2025-09-21 18:06:02 [INFO] sweep: ETHUSDT-5m Active LFractals: 10
2025-09-21 18:06:02 [INFO] sweep:   L @ 2025-09-21 17:05 CEST | low=4469.98
2025-09-21 18:06:02 [INFO] sweep:   L @ 2025-09-21 16:45 CEST | low=4469.34
2025-09-21 18:06:02 [INFO] sweep:   L @ 2025-09-21 15:45 CEST | low=4467.01
2025-09-21 18:06:02 [INFO] sweep:   L @ 2025-09-21 15:25 CEST | low=4466.22
2025-09-21 18:06:02 [INFO] sweep:   L @ 2025-09-21 15:05 CEST | low=4464.02
2025-09-21 18:06:02 [INFO] sweep:   L @ 2025-09-21 14:50 CEST | low=4459.61
2025-09-21 18:06:02 [INFO] sweep:   L @ 2025-09-21 14:05 CEST | low=4458.36
2025-09-21 18:06:02 [INFO] sweep:   L @ 2025-09-21 13:55 CEST | low=4457.57
2025-09-21 18:06:02 [INFO] sweep:   L @ 2025-09-21 13:05 CEST | low=4453.89
2025-09-21 18:06:02 [INFO] sweep:   L @ 2025-09-21 11:35 CEST | low=4442.0
2025-09-21 18:06:02 [INFO] sweep: No breakout for ETHUSDT-5m
2025-09-21 18:06:02 [INFO] sweep: Storage saved to storage.json at 2025-09-21T18:06:02.596840Z(candle close 2025-09-21T16:05:00Z)
2025-09-21 18:06:02 [INFO] sweep: Storage updated and saved at 2025-09-21T18:06:02.596840Z (candle close 2025-09-21T16:05:00Z)
2025-09-21 18:06:02 [INFO] sweep: Cycle finished.
2025-09-21 18:06:02 [INFO] runner: Next run scheduled at 2025-09-21 18:11:00 CEST (waiting 297s)
2025-09-21 18:07:12 [INFO] runner: Next run scheduled at 2025-09-21 18:11:00 CEST (waiting 227s)
2025-09-21 18:11:00 [INFO] runner: Running main.main() at 2025-09-21 18:11:00 CEST
2025-09-21 18:11:00 [INFO] sweep: Starting bot (Stage 2: fractals & breakouts)...
2025-09-21 18:11:02 [INFO] sweep: 
ETHUSDT-5m Active HFractals: 1
2025-09-21 18:11:02 [INFO] sweep:   H @ 2025-09-21 17:50 CEST | high=4484.73
2025-09-21 18:11:02 [INFO] sweep: ETHUSDT-5m Active LFractals: 10
2025-09-21 18:11:02 [INFO] sweep:   L @ 2025-09-21 17:05 CEST | low=4469.98
2025-09-21 18:11:02 [INFO] sweep:   L @ 2025-09-21 16:45 CEST | low=4469.34
2025-09-21 18:11:02 [INFO] sweep:   L @ 2025-09-21 15:45 CEST | low=4467.01
2025-09-21 18:11:02 [INFO] sweep:   L @ 2025-09-21 15:25 CEST | low=4466.22
2025-09-21 18:11:02 [INFO] sweep:   L @ 2025-09-21 15:05 CEST | low=4464.02
2025-09-21 18:11:02 [INFO] sweep:   L @ 2025-09-21 14:50 CEST | low=4459.61
2025-09-21 18:11:02 [INFO] sweep:   L @ 2025-09-21 14:05 CEST | low=4458.36
2025-09-21 18:11:02 [INFO] sweep:   L @ 2025-09-21 13:55 CEST | low=4457.57
2025-09-21 18:11:02 [INFO] sweep:   L @ 2025-09-21 13:05 CEST | low=4453.89
2025-09-21 18:11:02 [INFO] sweep:   L @ 2025-09-21 11:35 CEST | low=4442.0
2025-09-21 18:11:02 [INFO] sweep: Breakout detected: \u2b06\ufe0f HSweep (4)
Symbol: ETHUSDT, 5m
HFractal High=4484.73 | 21Sep 17:50
BreakCandle High=4485.43
2025-09-21 18:11:02 [INFO] sweep: [Telegram] Sending: {'chat_id': '-1002259480457', 'text': '\u2b06\ufe0f HSweep (4)\nSymbol: ETHUSDT, 5m\nHFractal High=4484.73 | 21Sep 17:50\nBreakCandle High=4485.43', 'parse_mode': 'HTML'}
2025-09-21 18:11:03 [INFO] sweep: [Telegram] OK: {'ok': True, 'result': {'message_id': 1300, 'author_signature': 'SMC signals', 'sender_chat': {'id': -1002259480457, 'title': 'M-Trade', 'type': 'channel'}, 'chat': {'id': -1002259480457, 'title': 'M-Trade', 'type': 'channel'}, 'date': 1758471063, 'text': '\u2b06\ufe0f HSweep (4)\nSymbol: ETHUSDT, 5m\nHFractal High=4484.73 | 21Sep 17:50\nBreakCandle High=4485.43'}}
2025-09-21 18:11:03 [INFO] sweep: Storage saved to storage.json at 2025-09-21T18:11:03.789508Z(candle close 2025-09-21T16:10:00Z)
2025-09-21 18:11:03 [INFO] sweep: Storage updated and saved at 2025-09-21T18:11:03.789508Z (candle close 2025-09-21T16:10:00Z)
2025-09-21 18:11:03 [INFO] runner: Next run scheduled at 2025-09-21 18:16:00 CEST (waiting 296s)
2025-09-21 18:16:00 [INFO] runner: Running main.main() at 2025-09-21 18:16:00 CEST
2025-09-21 18:16:00 [INFO] sweep: Starting bot (Stage 2: fractals & breakouts)...
2025-09-21 18:16:02 [INFO] sweep: 
ETHUSDT-5m Active HFractals: 0
2025-09-21 18:16:02 [INFO] sweep: ETHUSDT-5m Active LFractals: 10
2025-09-21 18:16:02 [INFO] sweep:   L @ 2025-09-21 17:05 CEST | low=4469.98
2025-09-21 18:16:02 [INFO] sweep:   L @ 2025-09-21 16:45 CEST | low=4469.34
2025-09-21 18:16:02 [INFO] sweep:   L @ 2025-09-21 15:45 CEST | low=4467.01
2025-09-21 18:16:02 [INFO] sweep:   L @ 2025-09-21 15:25 CEST | low=4466.22
2025-09-21 18:16:02 [INFO] sweep:   L @ 2025-09-21 15:05 CEST | low=4464.02
2025-09-21 18:16:02 [INFO] sweep:   L @ 2025-09-21 14:50 CEST | low=4459.61
2025-09-21 18:16:02 [INFO] sweep:   L @ 2025-09-21 14:05 CEST | low=4458.36
2025-09-21 18:16:02 [INFO] sweep:   L @ 2025-09-21 13:55 CEST | low=4457.57
2025-09-21 18:16:02 [INFO] sweep:   L @ 2025-09-21 13:05 CEST | low=4453.89
2025-09-21 18:16:02 [INFO] sweep:   L @ 2025-09-21 11:35 CEST | low=4442.0
2025-09-21 18:16:02 [INFO] sweep: No breakout for ETHUSDT-5m
2025-09-21 18:16:02 [INFO] sweep: Storage saved to storage.json at 2025-09-21T18:16:02.504359Z(candle close 2025-09-21T16:15:00Z)
2025-09-21 18:16:02 [INFO] sweep: Storage updated and saved at 2025-09-21T18:16:02.504359Z (candle close 2025-09-21T16:15:00Z)
2025-09-21 18:16:02 [INFO] runner: Next run scheduled at 2025-09-21 18:21:00 CEST (waiting 297s)
2025-09-21 18:21:00 [INFO] runner: Running main.main() at 2025-09-21 18:21:00 CEST
2025-09-21 18:21:00 [INFO] sweep: Starting bot (Stage 2: fractals & breakouts)...
2025-09-21 18:21:02 [INFO] sweep: 
ETHUSDT-5m Active HFractals: 0
2025-09-21 18:21:02 [INFO] sweep: ETHUSDT-5m Active LFractals: 10
2025-09-21 18:21:02 [INFO] sweep:   L @ 2025-09-21 17:05 CEST | low=4469.98
2025-09-21 18:21:02 [INFO] sweep:   L @ 2025-09-21 16:45 CEST | low=4469.34
2025-09-21 18:21:02 [INFO] sweep:   L @ 2025-09-21 15:45 CEST | low=4467.01
2025-09-21 18:21:02 [INFO] sweep:   L @ 2025-09-21 15:25 CEST | low=4466.22
2025-09-21 18:21:02 [INFO] sweep:   L @ 2025-09-21 15:05 CEST | low=4464.02
2025-09-21 18:21:02 [INFO] sweep:   L @ 2025-09-21 14:50 CEST | low=4459.61
2025-09-21 18:21:02 [INFO] sweep:   L @ 2025-09-21 14:05 CEST | low=4458.36
2025-09-21 18:21:02 [INFO] sweep:   L @ 2025-09-21 13:55 CEST | low=4457.57
2025-09-21 18:21:02 [INFO] sweep:   L @ 2025-09-21 13:05 CEST | low=4453.89
2025-09-21 18:21:02 [INFO] sweep:   L @ 2025-09-21 11:35 CEST | low=4442.0
2025-09-21 18:21:02 [INFO] sweep: No breakout for ETHUSDT-5m
2025-09-21 18:21:02 [INFO] sweep: Storage saved to storage.json at 2025-09-21T18:21:02.875519Z(candle close 2025-09-21T16:20:00Z)
2025-09-21 18:21:02 [INFO] sweep: Storage updated and saved at 2025-09-21T18:21:02.875519Z (candle close 2025-09-21T16:20:00Z)
2025-09-21 18:21:02 [INFO] runner: Next run scheduled at 2025-09-21 18:26:00 CEST (waiting 297s)
2025-09-21 18:26:00 [INFO] runner: Running main.main() at 2025-09-21 18:26:00 CEST
2025-09-21 18:26:00 [INFO] sweep: Starting bot (Stage 2: fractals & breakouts)...
2025-09-21 18:26:02 [INFO] sweep: 
ETHUSDT-5m Active HFractals: 1
2025-09-21 18:26:02 [INFO] sweep:   H @ 2025-09-21 18:15 CEST | high=4487.41
2025-09-21 18:26:02 [INFO] sweep: ETHUSDT-5m Active LFractals: 10
2025-09-21 18:26:02 [INFO] sweep:   L @ 2025-09-21 17:05 CEST | low=4469.98
2025-09-21 18:26:02 [INFO] sweep:   L @ 2025-09-21 16:45 CEST | low=4469.34
2025-09-21 18:26:02 [INFO] sweep:   L @ 2025-09-21 15:45 CEST | low=4467.01
2025-09-21 18:26:02 [INFO] sweep:   L @ 2025-09-21 15:25 CEST | low=4466.22
2025-09-21 18:26:02 [INFO] sweep:   L @ 2025-09-21 15:05 CEST | low=4464.02
2025-09-21 18:26:02 [INFO] sweep:   L @ 2025-09-21 14:50 CEST | low=4459.61
2025-09-21 18:26:02 [INFO] sweep:   L @ 2025-09-21 14:05 CEST | low=4458.36
2025-09-21 18:26:02 [INFO] sweep:   L @ 2025-09-21 13:55 CEST | low=4457.57
2025-09-21 18:26:02 [INFO] sweep:   L @ 2025-09-21 13:05 CEST | low=4453.89
2025-09-21 18:26:02 [INFO] sweep:   L @ 2025-09-21 11:35 CEST | low=4442.0
2025-09-21 18:26:02 [INFO] sweep: No breakout for ETHUSDT-5m
2025-09-21 18:26:02 [INFO] sweep: Storage saved to storage.json at 2025-09-21T18:26:02.470129Z(candle close 2025-09-21T16:25:00Z)
2025-09-21 18:26:02 [INFO] sweep: Storage updated and saved at 2025-09-21T18:26:02.470129Z (candle close 2025-09-21T16:25:00Z)
2025-09-21 18:26:02 [INFO] runner: Next run scheduled at 2025-09-21 18:31:00 CEST (waiting 297s)
2025-09-21 18:31:00 [INFO] runner: Running main.main() at 2025-09-21 18:31:00 CEST
2025-09-21 18:31:00 [INFO] sweep: Starting bot (Stage 2: fractals & breakouts)...
2025-09-21 18:31:02 [INFO] sweep: 
ETHUSDT-5m Active HFractals: 1
2025-09-21 18:31:02 [INFO] sweep:   H @ 2025-09-21 18:15 CEST | high=4487.41
2025-09-21 18:31:02 [INFO] sweep: ETHUSDT-5m Active LFractals: 10
2025-09-21 18:31:02 [INFO] sweep:   L @ 2025-09-21 17:05 CEST | low=4469.98
2025-09-21 18:31:02 [INFO] sweep:   L @ 2025-09-21 16:45 CEST | low=4469.34
2025-09-21 18:31:02 [INFO] sweep:   L @ 2025-09-21 15:45 CEST | low=4467.01
2025-09-21 18:31:02 [INFO] sweep:   L @ 2025-09-21 15:25 CEST | low=4466.22
2025-09-21 18:31:02 [INFO] sweep:   L @ 2025-09-21 15:05 CEST | low=4464.02
2025-09-21 18:31:02 [INFO] sweep:   L @ 2025-09-21 14:50 CEST | low=4459.61
2025-09-21 18:31:02 [INFO] sweep:   L @ 2025-09-21 14:05 CEST | low=4458.36
2025-09-21 18:31:02 [INFO] sweep:   L @ 2025-09-21 13:55 CEST | low=4457.57
2025-09-21 18:31:02 [INFO] sweep:   L @ 2025-09-21 13:05 CEST | low=4453.89
2025-09-21 18:31:02 [INFO] sweep:   L @ 2025-09-21 11:35 CEST | low=4442.0
2025-09-21 18:31:02 [INFO] sweep: No breakout for ETHUSDT-5m
2025-09-21 18:31:02 [INFO] sweep: Storage saved to storage.json at 2025-09-21T18:31:02.683762Z(candle close 2025-09-21T16:30:00Z)
2025-09-21 18:31:02 [INFO] sweep: Storage updated and saved at 2025-09-21T18:31:02.683762Z (candle close 2025-09-21T16:30:00Z)
2025-09-21 18:31:02 [INFO] runner: Next run scheduled at 2025-09-21 18:36:00 CEST (waiting 297s)
2025-09-21 18:31:58 [INFO] runner: Next run scheduled at 2025-09-21 18:36:00 CEST (waiting 241s)
2025-09-21 18:36:00 [INFO] runner: Running main.main() at 2025-09-21 18:36:00 CEST
2025-09-21 18:36:00 [INFO] sweep: Starting bot (Stage 2: fractals & breakouts)...
2025-09-21 18:36:02 [INFO] sweep: 
ETHUSDT-5m Active HFractals: 1
2025-09-21 18:36:02 [INFO] sweep:   H @ 2025-09-21 18:15 CEST | high=4487.41
2025-09-21 18:36:02 [INFO] sweep: ETHUSDT-5m Active LFractals: 11
2025-09-21 18:36:02 [INFO] sweep:   L @ 2025-09-21 18:25 CEST | low=4474.52
2025-09-21 18:36:02 [INFO] sweep:   L @ 2025-09-21 17:05 CEST | low=4469.98
2025-09-21 18:36:02 [INFO] sweep:   L @ 2025-09-21 16:45 CEST | low=4469.34
2025-09-21 18:36:02 [INFO] sweep:   L @ 2025-09-21 15:45 CEST | low=4467.01
2025-09-21 18:36:02 [INFO] sweep:   L @ 2025-09-21 15:25 CEST | low=4466.22
2025-09-21 18:36:02 [INFO] sweep:   L @ 2025-09-21 15:05 CEST | low=4464.02
2025-09-21 18:36:02 [INFO] sweep:   L @ 2025-09-21 14:50 CEST | low=4459.61
2025-09-21 18:36:02 [INFO] sweep:   L @ 2025-09-21 14:05 CEST | low=4458.36
2025-09-21 18:36:02 [INFO] sweep:   L @ 2025-09-21 13:55 CEST | low=4457.57
2025-09-21 18:36:02 [INFO] sweep:   L @ 2025-09-21 13:05 CEST | low=4453.89
2025-09-21 18:36:02 [INFO] sweep:   L @ 2025-09-21 11:35 CEST | low=4442.0
2025-09-21 18:36:02 [INFO] sweep: No breakout for ETHUSDT-5m
2025-09-21 18:36:02 [INFO] sweep: Storage saved to storage.json at 2025-09-21T18:36:02.539976Z(candle close 1758472500000)
2025-09-21 18:36:02 [INFO] sweep: Storage updated and saved at 2025-09-21T18:36:02.539976Z (candle close 1758472500000)
2025-09-21 18:36:02 [INFO] sweep: Cycle finished.
2025-09-21 18:36:02 [INFO] runner: Next run scheduled at 2025-09-21 18:41:00 CEST (waiting 297s)
2025-09-21 18:41:00 [INFO] runner: Running main.main() at 2025-09-21 18:41:00 CEST
2025-09-21 18:41:00 [INFO] sweep: Starting bot (Stage 2: fractals & breakouts)...
2025-09-21 18:41:02 [INFO] sweep: 
ETHUSDT-5m Active HFractals: 1
2025-09-21 18:41:02 [INFO] sweep:   H @ 2025-09-21 18:15 CEST | high=4487.41
2025-09-21 18:41:02 [INFO] sweep: ETHUSDT-5m Active LFractals: 11
2025-09-21 18:41:02 [INFO] sweep:   L @ 2025-09-21 18:25 CEST | low=4474.52
2025-09-21 18:41:02 [INFO] sweep:   L @ 2025-09-21 17:05 CEST | low=4469.98
2025-09-21 18:41:02 [INFO] sweep:   L @ 2025-09-21 16:45 CEST | low=4469.34
2025-09-21 18:41:02 [INFO] sweep:   L @ 2025-09-21 15:45 CEST | low=4467.01
2025-09-21 18:41:02 [INFO] sweep:   L @ 2025-09-21 15:25 CEST | low=4466.22
2025-09-21 18:41:02 [INFO] sweep:   L @ 2025-09-21 15:05 CEST | low=4464.02
2025-09-21 18:41:02 [INFO] sweep:   L @ 2025-09-21 14:50 CEST | low=4459.61
2025-09-21 18:41:02 [INFO] sweep:   L @ 2025-09-21 14:05 CEST | low=4458.36
2025-09-21 18:41:02 [INFO] sweep:   L @ 2025-09-21 13:55 CEST | low=4457.57
2025-09-21 18:41:02 [INFO] sweep:   L @ 2025-09-21 13:05 CEST | low=4453.89
2025-09-21 18:41:02 [INFO] sweep:   L @ 2025-09-21 11:35 CEST | low=4442.0
2025-09-21 18:41:02 [INFO] sweep: Breakout detected: \u2b07\ufe0f LConfirm (35)
Symbol: ETHUSDT, 5m
LFractal Low=4467.01 | 21Sep 15:45
BreakCandle Low=4466.5
2025-09-21 18:41:02 [INFO] sweep: [Telegram] Sending: {'chat_id': '-1002259480457', 'text': '\u2b07\ufe0f LConfirm (35)\nSymbol: ETHUSDT, 5m\nLFractal Low=4467.01 | 21Sep 15:45\nBreakCandle Low=4466.5', 'parse_mode': 'HTML'}
2025-09-21 18:41:04 [INFO] sweep: [Telegram] OK: {'ok': True, 'result': {'message_id': 1301, 'author_signature': 'SMC signals', 'sender_chat': {'id': -1002259480457, 'title': 'M-Trade', 'type': 'channel'}, 'chat': {'id': -1002259480457, 'title': 'M-Trade', 'type': 'channel'}, 'date': 1758472863, 'text': '\u2b07\ufe0f LConfirm (35)\nSymbol: ETHUSDT, 5m\nLFractal Low=4467.01 | 21Sep 15:45\nBreakCandle Low=4466.5'}}
2025-09-21 18:41:04 [INFO] sweep: Storage saved to storage.json at 2025-09-21T18:41:04.185881Z(candle close 1758472800000)
2025-09-21 18:41:04 [INFO] sweep: Storage updated and saved at 2025-09-21T18:41:04.185881Z (candle close 1758472800000)
2025-09-21 18:41:04 [INFO] sweep: Cycle finished.
2025-09-21 18:41:04 [INFO] runner: Next run scheduled at 2025-09-21 18:46:00 CEST (waiting 295s)
2025-09-21 18:46:00 [INFO] runner: Running main.main() at 2025-09-21 18:46:00 CEST
2025-09-21 18:46:00 [INFO] sweep: Starting bot (Stage 2: fractals & breakouts)...
2025-09-21 18:46:02 [INFO] sweep: 
ETHUSDT-5m Active HFractals: 2
2025-09-21 18:46:02 [INFO] sweep:   H @ 2025-09-21 18:35 CEST | high=4484.24
2025-09-21 18:46:02 [INFO] sweep:   H @ 2025-09-21 18:15 CEST | high=4487.41
2025-09-21 18:46:02 [INFO] sweep: ETHUSDT-5m Active LFractals: 7
2025-09-21 18:46:02 [INFO] sweep:   L @ 2025-09-21 15:25 CEST | low=4466.22
2025-09-21 18:46:02 [INFO] sweep:   L @ 2025-09-21 15:05 CEST | low=4464.02
2025-09-21 18:46:02 [INFO] sweep:   L @ 2025-09-21 14:50 CEST | low=4459.61
2025-09-21 18:46:02 [INFO] sweep:   L @ 2025-09-21 14:05 CEST | low=4458.36
2025-09-21 18:46:02 [INFO] sweep:   L @ 2025-09-21 13:55 CEST | low=4457.57
2025-09-21 18:46:02 [INFO] sweep:   L @ 2025-09-21 13:05 CEST | low=4453.89
2025-09-21 18:46:02 [INFO] sweep:   L @ 2025-09-21 11:35 CEST | low=4442.0
2025-09-21 18:46:02 [INFO] sweep: Breakout detected: \u2b07\ufe0f LSweep (40)
Symbol: ETHUSDT, 5m
LFractal Low=4466.22 | 21Sep 15:25
BreakCandle Low=4465.0
2025-09-21 18:46:02 [INFO] sweep: [Telegram] Sending: {'chat_id': '-1002259480457', 'text': '\u2b07\ufe0f LSweep (40)\nSymbol: ETHUSDT, 5m\nLFractal Low=4466.22 | 21Sep 15:25\nBreakCandle Low=4465.0', 'parse_mode': 'HTML'}
2025-09-21 18:46:03 [INFO] sweep: [Telegram] OK: {'ok': True, 'result': {'message_id': 1302, 'author_signature': 'SMC signals', 'sender_chat': {'id': -1002259480457, 'title': 'M-Trade', 'type': 'channel'}, 'chat': {'id': -1002259480457, 'title': 'M-Trade', 'type': 'channel'}, 'date': 1758473163, 'text': '\u2b07\ufe0f LSweep (40)\nSymbol: ETHUSDT, 5m\nLFractal Low=4466.22 | 21Sep 15:25\nBreakCandle Low=4465.0'}}
2025-09-21 18:46:03 [INFO] sweep: Storage saved to storage.json at 2025-09-21T18:46:03.733859Z(candle close 1758473100000)
2025-09-21 18:46:03 [INFO] sweep: Storage updated and saved at 2025-09-21T18:46:03.733859Z (candle close 1758473100000)
2025-09-21 18:46:03 [INFO] sweep: Cycle finished.
2025-09-21 18:46:03 [INFO] runner: Next run scheduled at 2025-09-21 18:51:00 CEST (waiting 296s)
2025-09-21 18:51:00 [INFO] runner: Running main.main() at 2025-09-21 18:51:00 CEST
2025-09-21 18:51:00 [INFO] sweep: Starting bot (Stage 2: fractals & breakouts)...
2025-09-21 18:51:02 [INFO] sweep: 
ETHUSDT-5m Active HFractals: 2
2025-09-21 18:51:02 [INFO] sweep:   H @ 2025-09-21 18:35 CEST | high=4484.24
2025-09-21 18:51:02 [INFO] sweep:   H @ 2025-09-21 18:15 CEST | high=4487.41
2025-09-21 18:51:02 [INFO] sweep: ETHUSDT-5m Active LFractals: 6
2025-09-21 18:51:02 [INFO] sweep:   L @ 2025-09-21 15:05 CEST | low=4464.02
2025-09-21 18:51:02 [INFO] sweep:   L @ 2025-09-21 14:50 CEST | low=4459.61
2025-09-21 18:51:02 [INFO] sweep:   L @ 2025-09-21 14:05 CEST | low=4458.36
2025-09-21 18:51:02 [INFO] sweep:   L @ 2025-09-21 13:55 CEST | low=4457.57
2025-09-21 18:51:02 [INFO] sweep:   L @ 2025-09-21 13:05 CEST | low=4453.89
2025-09-21 18:51:02 [INFO] sweep:   L @ 2025-09-21 11:35 CEST | low=4442.0
2025-09-21 18:51:02 [INFO] sweep: Breakout detected: \u2b07\ufe0f LConfirm (45)
Symbol: ETHUSDT, 5m
LFractal Low=4464.02 | 21Sep 15:05
BreakCandle Low=4462.5
2025-09-21 18:51:02 [INFO] sweep: [Telegram] Sending: {'chat_id': '-1002259480457', 'text': '\u2b07\ufe0f LConfirm (45)\nSymbol: ETHUSDT, 5m\nLFractal Low=4464.02 | 21Sep 15:05\nBreakCandle Low=4462.5', 'parse_mode': 'HTML'}
2025-09-21 18:51:03 [INFO] sweep: [Telegram] OK: {'ok': True, 'result': {'message_id': 1303, 'author_signature': 'SMC signals', 'sender_chat': {'id': -1002259480457, 'title': 'M-Trade', 'type': 'channel'}, 'chat': {'id': -1002259480457, 'title': 'M-Trade', 'type': 'channel'}, 'date': 1758473463, 'text': '\u2b07\ufe0f LConfirm (45)\nSymbol: ETHUSDT, 5m\nLFractal Low=4464.02 | 21Sep 15:05\nBreakCandle Low=4462.5'}}
2025-09-21 18:51:03 [INFO] sweep: Storage saved to storage.json at 2025-09-21T18:51:03.912760Z(candle close 1758473400000)
2025-09-21 18:51:03 [INFO] sweep: Storage updated and saved at 2025-09-21T18:51:03.912760Z (candle close 1758473400000)
2025-09-21 18:51:03 [INFO] sweep: Cycle finished.
2025-09-21 18:51:03 [INFO] runner: Next run scheduled at 2025-09-21 18:56:00 CEST (waiting 296s)
2025-09-21 18:56:00 [INFO] runner: Running main.main() at 2025-09-21 18:56:00 CEST
2025-09-21 18:56:00 [INFO] sweep: Starting bot (Stage 2: fractals & breakouts)...
2025-09-21 18:56:03 [INFO] sweep: 
ETHUSDT-5m Active HFractals: 2
2025-09-21 18:56:03 [INFO] sweep:   H @ 2025-09-21 18:35 CEST | high=4484.24
2025-09-21 18:56:03 [INFO] sweep:   H @ 2025-09-21 18:15 CEST | high=4487.41
2025-09-21 18:56:03 [INFO] sweep: ETHUSDT-5m Active LFractals: 5
2025-09-21 18:56:03 [INFO] sweep:   L @ 2025-09-21 14:50 CEST | low=4459.61
2025-09-21 18:56:03 [INFO] sweep:   L @ 2025-09-21 14:05 CEST | low=4458.36
2025-09-21 18:56:03 [INFO] sweep:   L @ 2025-09-21 13:55 CEST | low=4457.57
2025-09-21 18:56:03 [INFO] sweep:   L @ 2025-09-21 13:05 CEST | low=4453.89
2025-09-21 18:56:03 [INFO] sweep:   L @ 2025-09-21 11:35 CEST | low=4442.0
2025-09-21 18:56:03 [INFO] sweep: No breakout for ETHUSDT-5m
2025-09-21 18:56:03 [INFO] sweep: Storage saved to storage.json at 2025-09-21T18:56:03.216550Z(candle close 1758473700000)
2025-09-21 18:56:03 [INFO] sweep: Storage updated and saved at 2025-09-21T18:56:03.216550Z (candle close 1758473700000)
2025-09-21 18:56:03 [INFO] sweep: Cycle finished.
2025-09-21 18:56:03 [INFO] runner: Next run scheduled at 2025-09-21 19:01:00 CEST (waiting 296s)
2025-09-21 19:01:00 [INFO] runner: Running main.main() at 2025-09-21 19:01:00 CEST
2025-09-21 19:01:00 [INFO] sweep: Starting bot (Stage 2: fractals & breakouts)...
2025-09-21 19:01:02 [INFO] sweep: 
ETHUSDT-5m Active HFractals: 2
2025-09-21 19:01:02 [INFO] sweep:   H @ 2025-09-21 18:35 CEST | high=4484.24
2025-09-21 19:01:02 [INFO] sweep:   H @ 2025-09-21 18:15 CEST | high=4487.41
2025-09-21 19:01:02 [INFO] sweep: ETHUSDT-5m Active LFractals: 5
2025-09-21 19:01:02 [INFO] sweep:   L @ 2025-09-21 14:50 CEST | low=4459.61
2025-09-21 19:01:02 [INFO] sweep:   L @ 2025-09-21 14:05 CEST | low=4458.36
2025-09-21 19:01:02 [INFO] sweep:   L @ 2025-09-21 13:55 CEST | low=4457.57
2025-09-21 19:01:02 [INFO] sweep:   L @ 2025-09-21 13:05 CEST | low=4453.89
2025-09-21 19:01:02 [INFO] sweep:   L @ 2025-09-21 11:35 CEST | low=4442.0
2025-09-21 19:01:02 [INFO] sweep: No breakout for ETHUSDT-5m
2025-09-21 19:01:02 [INFO] sweep: Storage saved to storage.json at 2025-09-21T19:01:02.901648Z(candle close 1758474000000)
2025-09-21 19:01:02 [INFO] sweep: Storage updated and saved at 2025-09-21T19:01:02.901648Z (candle close 1758474000000)
2025-09-21 19:01:02 [INFO] sweep: Cycle finished.
2025-09-21 19:01:02 [INFO] runner: Next run scheduled at 2025-09-21 19:06:00 CEST (waiting 297s)
2025-09-21 19:06:00 [INFO] runner: Running main.main() at 2025-09-21 19:06:00 CEST
2025-09-21 19:06:00 [INFO] sweep: Starting bot (Stage 2: fractals & breakouts)...
2025-09-21 19:06:02 [INFO] sweep: 
ETHUSDT-5m Active HFractals: 2
2025-09-21 19:06:02 [INFO] sweep:   H @ 2025-09-21 18:35 CEST | high=4484.24
2025-09-21 19:06:02 [INFO] sweep:   H @ 2025-09-21 18:15 CEST | high=4487.41
2025-09-21 19:06:02 [INFO] sweep: ETHUSDT-5m Active LFractals: 5
2025-09-21 19:06:02 [INFO] sweep:   L @ 2025-09-21 14:50 CEST | low=4459.61
2025-09-21 19:06:02 [INFO] sweep:   L @ 2025-09-21 14:05 CEST | low=4458.36
2025-09-21 19:06:02 [INFO] sweep:   L @ 2025-09-21 13:55 CEST | low=4457.57
2025-09-21 19:06:02 [INFO] sweep:   L @ 2025-09-21 13:05 CEST | low=4453.89
2025-09-21 19:06:02 [INFO] sweep:   L @ 2025-09-21 11:35 CEST | low=4442.0
2025-09-21 19:06:02 [INFO] sweep: No breakout for ETHUSDT-5m
2025-09-21 19:06:02 [INFO] sweep: Storage saved to storage.json at 2025-09-21T19:06:02.641083Z(candle close 1758474300000)
2025-09-21 19:06:02 [INFO] sweep: Storage updated and saved at 2025-09-21T19:06:02.641083Z (candle close 1758474300000)
2025-09-21 19:06:02 [INFO] sweep: Cycle finished.
2025-09-21 19:06:02 [INFO] runner: Next run scheduled at 2025-09-21 19:11:00 CEST (waiting 297s)
2025-09-21 19:11:00 [INFO] runner: Running main.main() at 2025-09-21 19:11:00 CEST
2025-09-21 19:11:00 [INFO] sweep: Starting bot (Stage 2: fractals & breakouts)...
2025-09-21 19:11:03 [INFO] sweep: 
ETHUSDT-5m Active HFractals: 2
2025-09-21 19:11:03 [INFO] sweep:   H @ 2025-09-21 18:35 CEST | high=4484.24
2025-09-21 19:11:03 [INFO] sweep:   H @ 2025-09-21 18:15 CEST | high=4487.41
2025-09-21 19:11:03 [INFO] sweep: ETHUSDT-5m Active LFractals: 5
2025-09-21 19:11:03 [INFO] sweep:   L @ 2025-09-21 14:50 CEST | low=4459.61
2025-09-21 19:11:03 [INFO] sweep:   L @ 2025-09-21 14:05 CEST | low=4458.36
2025-09-21 19:11:03 [INFO] sweep:   L @ 2025-09-21 13:55 CEST | low=4457.57
2025-09-21 19:11:03 [INFO] sweep:   L @ 2025-09-21 13:05 CEST | low=4453.89
2025-09-21 19:11:03 [INFO] sweep:   L @ 2025-09-21 11:35 CEST | low=4442.0
2025-09-21 19:11:03 [INFO] sweep: No breakout for ETHUSDT-5m
2025-09-21 19:11:03 [INFO] sweep: Storage saved to storage.json at 2025-09-21T19:11:03.204504Z(candle close 1758474600000)
2025-09-21 19:11:03 [INFO] sweep: Storage updated and saved at 2025-09-21T19:11:03.204504Z (candle close 1758474600000)
2025-09-21 19:11:03 [INFO] sweep: Cycle finished.
2025-09-21 19:11:03 [INFO] runner: Next run scheduled at 2025-09-21 19:16:00 CEST (waiting 296s)
